[debug] [2025-01-01T02:40:42.299Z] ----------------------------------------------------------------------
[debug] [2025-01-01T02:40:42.314Z] Command:       C:\Program Files\nodejs\node.exe C:\Users\HI\AppData\Roaming\npm\node_modules\firebase-tools\lib\bin\firebase.js init
[debug] [2025-01-01T02:40:42.317Z] CLI Version:   13.22.1
[debug] [2025-01-01T02:40:42.317Z] Platform:      win32
[debug] [2025-01-01T02:40:42.318Z] Node Version:  v20.18.0
[debug] [2025-01-01T02:40:42.319Z] Time:          Wed Jan 01 2025 10:40:42 GMT+0800 (Singapore Standard Time)
[debug] [2025-01-01T02:40:42.320Z] ----------------------------------------------------------------------
[debug] 
[debug] [2025-01-01T02:40:42.334Z] >>> [apiv2][query] GET https://firebase-public.firebaseio.com/cli.json [none]
[debug] [2025-01-01T02:40:42.684Z] > command requires scopes: ["email","openid","https://www.googleapis.com/auth/cloudplatformprojects.readonly","https://www.googleapis.com/auth/firebase","https://www.googleapis.com/auth/cloud-platform"]
[debug] [2025-01-01T02:40:42.686Z] > authorizing via signed-in user (luizsemwarain@gmail.com)
[info] 
     ######## #### ########  ######## ########     ###     ######  ########
     ##        ##  ##     ## ##       ##     ##  ##   ##  ##       ##
     ######    ##  ########  ######   ########  #########  ######  ######
     ##        ##  ##    ##  ##       ##     ## ##     ##       ## ##
     ##       #### ##     ## ######## ########  ##     ##  ######  ########

You're about to initialize a Firebase project in this directory:

  C:\Users\HI\Desktop\ACADS\ACADS3\1st Sem\APP DEV\AI_PROJ

[debug] [2025-01-01T02:40:43.284Z] <<< [apiv2][status] GET https://firebase-public.firebaseio.com/cli.json 200
[debug] [2025-01-01T02:40:43.285Z] <<< [apiv2][body] GET https://firebase-public.firebaseio.com/cli.json {"cloudBuildErrorAfter":1594252800000,"cloudBuildWarnAfter":1590019200000,"defaultNode10After":1594252800000,"minVersion":"3.0.5","node8DeploysDisabledAfter":1613390400000,"node8RuntimeDisabledAfter":1615809600000,"node8WarnAfter":1600128000000}
[info] 
=== Project Setup
[info] 
[info] First, let's associate this project directory with a Firebase project.
[info] You can create multiple project aliases by running firebase use --add, 
[info] but for now we'll just set up a default project.
[info] 
[debug] [2025-01-01T02:41:41.668Z] Checked if tokens are valid: false, expires at: 1732882904427
[debug] [2025-01-01T02:41:41.669Z] Checked if tokens are valid: false, expires at: 1732882904427
[debug] [2025-01-01T02:41:41.670Z] > refreshing access token with scopes: []
[debug] [2025-01-01T02:41:41.674Z] >>> [apiv2][query] POST https://www.googleapis.com/oauth2/v3/token [none]
[debug] [2025-01-01T02:41:41.674Z] >>> [apiv2][body] POST https://www.googleapis.com/oauth2/v3/token [omitted]
[debug] [2025-01-01T02:41:41.846Z] <<< [apiv2][status] POST https://www.googleapis.com/oauth2/v3/token 200
[debug] [2025-01-01T02:41:41.846Z] <<< [apiv2][body] POST https://www.googleapis.com/oauth2/v3/token [omitted]
[debug] [2025-01-01T02:41:41.865Z] >>> [apiv2][query] GET https://firebase.googleapis.com/v1beta1/projects pageSize=100
[debug] [2025-01-01T02:41:42.445Z] <<< [apiv2][status] GET https://firebase.googleapis.com/v1beta1/projects 200
[debug] [2025-01-01T02:41:42.446Z] <<< [apiv2][body] GET https://firebase.googleapis.com/v1beta1/projects [omitted]
[info] i  Using project ai-proj-appdev (AI-Proj-AppDev) 
[info] 
=== Hosting Setup
[debug] [2025-01-01T02:41:51.018Z] Checked if tokens are valid: true, expires at: 1735702900847
[debug] [2025-01-01T02:41:51.018Z] Checked if tokens are valid: true, expires at: 1735702900847
[debug] [2025-01-01T02:41:51.019Z] >>> [apiv2][query] GET https://firebase.googleapis.com/v1beta1/projects/ai-proj-appdev [none]
[debug] [2025-01-01T02:41:51.340Z] <<< [apiv2][status] GET https://firebase.googleapis.com/v1beta1/projects/ai-proj-appdev 200
[debug] [2025-01-01T02:41:51.340Z] <<< [apiv2][body] GET https://firebase.googleapis.com/v1beta1/projects/ai-proj-appdev {"projectId":"ai-proj-appdev","projectNumber":"718209895196","displayName":"AI-Proj-AppDev","name":"projects/ai-proj-appdev","resources":{"hostingSite":"ai-proj-appdev","realtimeDatabaseInstance":"ai-proj-appdev-default-rtdb"},"state":"ACTIVE","etag":"1_466756b1-ddb2-4207-820a-d5d7f58f091c"}
[info] 
[info] Your public directory is the folder (relative to your project directory) that
[info] will contain Hosting assets to be uploaded with firebase deploy. If you
[info] have a build process for your assets, use your build's output directory.
[info] 
